1679183643940	geckodriver	INFO	Listening on 127.0.0.1:65256
1679183645844	mozrunner::runner	INFO	Running command: "C:\\Program Files\\Mozilla Firefox\\firefox.exe" "--marionette" "--remote-debugging-port" "65257" "--remote-allow-hosts" "localhost" "-no-remote" "-profile" "C:\\Users\\Ricardo\\AppData\\Local\\Temp\\rust_mozprofile36TuQR"
console.warn: services.settings: Ignoring preference override of remote settings server
console.warn: services.settings: Allow by setting MOZ_REMOTE_SETTINGS_DEVTOOLS=1 in the environment
1679183647696	Marionette	INFO	Marionette enabled
Dynamically enable window occlusion 0
1679183647714	Marionette	INFO	Listening on port 65268
Read port: 65268
WebDriver BiDi listening on ws://127.0.0.1:65257
Read port: 65268
1679183654169	RemoteAgent	WARN	TLS certificate errors will be ignored for this session
console.warn: SearchSettings: "get: No settings file exists, new profile?" (new NotFoundError("Could not open the file at C:\\Users\\Ricardo\\AppData\\Local\\Temp\\rust_mozprofile36TuQR\\search.json.mozlz4", (void 0)))
DevTools listening on ws://127.0.0.1:65257/devtools/browser/fb5e3bd4-f310-4d63-ba8f-72568b627cda
console.error: (new TypeError("this._searchProviderInfo is null", "resource:///modules/SearchSERPTelemetry.sys.mjs", 468))
JavaScript error: https://www.magazineluiza.com.br/ line 549 > injectedScript, line 1: ReferenceError: $ is not defined
JavaScript error: https://www.magazineluiza.com.br/ line 549 > injectedScript, line 1: ReferenceError: $ is not defined
JavaScript error: https://www.magazineluiza.com.br/ line 549 > injectedScript, line 1: ReferenceError: $ is not defined
JavaScript error: https://www.magazineluiza.com.br/ line 549 > injectedScript, line 1: ReferenceError: jQuery is not defined
JavaScript error: https://www.magazineluiza.com.br/ line 549 > injectedScript, line 1: ReferenceError: jQuery is not defined
JavaScript error: https://www.magazineluiza.com.br/ line 549 > injectedScript, line 7: ReferenceError: $ is not defined
JavaScript error: https://www.magazineluiza.com.br/ line 549 > injectedScript, line 1: ReferenceError: $ is not defined
JavaScript error: https://www.magazineluiza.com.br/ line 549 > injectedScript, line 1: ReferenceError: $ is not defined
JavaScript error: https://www.googletagmanager.com/gtm.js?id=GTM-BR2N, line 43: uncaught exception: [object Object]
JavaScript error: https://www.magazineluiza.com.br/ line 549 > injectedScript, line 1: ReferenceError: getCookie is not defined
JavaScript error: https://www.googletagmanager.com/gtm.js?id=GTM-BR2N, line 43: uncaught exception: [object Object]
JavaScript error: https://www.magazineluiza.com.br/ line 549 > injectedScript, line 2: ReferenceError: jQuery is not defined
JavaScript error: https://www.googletagmanager.com/gtm.js?id=GTM-BR2N, line 43: uncaught exception: [object Object]
JavaScript error: https://www.magazineluiza.com.br/ line 549 > injectedScript, line 1: ReferenceError: $ is not defined
1679183791776	Marionette	INFO	Stopped listening on port 65268
Dynamically enable window occlusion 1
1679184080761	geckodriver	INFO	Listening on 127.0.0.1:49176
1679184082791	mozrunner::runner	INFO	Running command: "C:\\Program Files\\Mozilla Firefox\\firefox.exe" "--marionette" "--remote-debugging-port" "49177" "--remote-allow-hosts" "localhost" "-no-remote" "-profile" "C:\\Users\\Ricardo\\AppData\\Local\\Temp\\rust_mozprofilenZ6RIY"
console.warn: services.settings: Ignoring preference override of remote settings server
console.warn: services.settings: Allow by setting MOZ_REMOTE_SETTINGS_DEVTOOLS=1 in the environment
1679184083422	Marionette	INFO	Marionette enabled
Dynamically enable window occlusion 0
1679184083432	Marionette	INFO	Listening on port 49184
Read port: 49184
WebDriver BiDi listening on ws://127.0.0.1:49177
1679184083648	RemoteAgent	WARN	TLS certificate errors will be ignored for this session
console.warn: SearchSettings: "get: No settings file exists, new profile?" (new NotFoundError("Could not open the file at C:\\Users\\Ricardo\\AppData\\Local\\Temp\\rust_mozprofilenZ6RIY\\search.json.mozlz4", (void 0)))
console.error: Region.sys.mjs: "Error fetching region" (new AbortError("The operation was aborted. ", (void 0), 762))
console.error: Region.sys.mjs: "Failed to fetch region" (new Error("NO_RESULT", "resource://gre/modules/Region.sys.mjs", 416))
DevTools listening on ws://127.0.0.1:49177/devtools/browser/15cd8d5f-bfdd-4fd7-adae-c19a0f954eed
console.error: (new TypeError("this._searchProviderInfo is null", "resource:///modules/SearchSERPTelemetry.sys.mjs", 468))
JavaScript error: https://www.magazineluiza.com.br/ line 549 > injectedScript, line 1: ReferenceError: $ is not defined
JavaScript error: https://www.magazineluiza.com.br/ line 549 > injectedScript, line 1: ReferenceError: $ is not defined
JavaScript error: https://www.magazineluiza.com.br/ line 549 > injectedScript, line 1: ReferenceError: $ is not defined
JavaScript error: https://www.magazineluiza.com.br/ line 549 > injectedScript, line 1: ReferenceError: jQuery is not defined
JavaScript error: https://www.magazineluiza.com.br/ line 549 > injectedScript, line 1: ReferenceError: jQuery is not defined
JavaScript error: https://www.magazineluiza.com.br/ line 549 > injectedScript, line 7: ReferenceError: $ is not defined
JavaScript error: https://www.magazineluiza.com.br/ line 549 > injectedScript, line 1: ReferenceError: $ is not defined
JavaScript error: https://www.magazineluiza.com.br/ line 549 > injectedScript, line 1: ReferenceError: $ is not defined
JavaScript error: https://www.googletagmanager.com/gtm.js?id=GTM-BR2N, line 43: uncaught exception: [object Object]
JavaScript error: https://www.magazineluiza.com.br/ line 549 > injectedScript, line 1: ReferenceError: getCookie is not defined
JavaScript error: https://www.googletagmanager.com/gtm.js?id=GTM-BR2N, line 43: uncaught exception: [object Object]
JavaScript error: https://www.magazineluiza.com.br/ line 549 > injectedScript, line 2: ReferenceError: jQuery is not defined
JavaScript error: https://www.googletagmanager.com/gtm.js?id=GTM-BR2N, line 43: uncaught exception: [object Object]
JavaScript error: https://www.magazineluiza.com.br/ line 549 > injectedScript, line 1: ReferenceError: $ is not defined
Shutting down due to socket process crash.
[Parent 16144, IPC I/O Parent] WARNING: pipe error: 232: file /builds/worker/checkouts/gecko/ipc/chromium/src/chrome/common/ipc_channel_win.cc:583
JavaScript error: resource:///modules/sessionstore/SessionStore.sys.mjs, line 2189: TypeError: subject.QueryInterface is not a function
JavaScript error: resource:///modules/sessionstore/SessionStore.sys.mjs, line 2189: TypeError: subject.QueryInterface is not a function
JavaScript error: resource:///modules/sessionstore/SessionStore.sys.mjs, line 2189: TypeError: subject.QueryInterface is not a function
JavaScript error: resource:///modules/sessionstore/SessionStore.sys.mjs, line 2189: TypeError: subject.QueryInterface is not a function
JavaScript error: resource:///modules/sessionstore/SessionStore.sys.mjs, line 2189: TypeError: subject.QueryInterface is not a function
A content process crashed and MOZ_CRASHREPORTER_SHUTDOWN is set, shutting down
1679184137777	Marionette	INFO	Stopped listening on port 49184
Dynamically enable window occlusion 1
A content process crashed and MOZ_CRASHREPORTER_SHUTDOWN is set, shutting down
!!! error running onStopped callback: TypeError: callback is not a function
1679184245693	geckodriver	INFO	Listening on 127.0.0.1:49468
1679184247739	mozrunner::runner	INFO	Running command: "C:\\Program Files\\Mozilla Firefox\\firefox.exe" "--marionette" "--remote-debugging-port" "49469" "--remote-allow-hosts" "localhost" "-no-remote" "-profile" "C:\\Users\\Ricardo\\AppData\\Local\\Temp\\rust_mozprofilexn2tUi"
console.warn: services.settings: Ignoring preference override of remote settings server
console.warn: services.settings: Allow by setting MOZ_REMOTE_SETTINGS_DEVTOOLS=1 in the environment
1679184248327	Marionette	INFO	Marionette enabled
Dynamically enable window occlusion 0
1679184248334	Marionette	INFO	Listening on port 49476
Read port: 49476
WebDriver BiDi listening on ws://127.0.0.1:49469
1679184249737	RemoteAgent	WARN	TLS certificate errors will be ignored for this session
console.warn: SearchSettings: "get: No settings file exists, new profile?" (new NotFoundError("Could not open the file at C:\\Users\\Ricardo\\AppData\\Local\\Temp\\rust_mozprofilexn2tUi\\search.json.mozlz4", (void 0)))
DevTools listening on ws://127.0.0.1:49469/devtools/browser/3ef938a6-3f54-48b1-a755-d7e3f7ed7ad6
console.error: (new TypeError("this._searchProviderInfo is null", "resource:///modules/SearchSERPTelemetry.sys.mjs", 468))
JavaScript error: https://www.magazineluiza.com.br/ line 549 > injectedScript, line 1: ReferenceError: $ is not defined
JavaScript error: https://www.magazineluiza.com.br/ line 549 > injectedScript, line 1: ReferenceError: $ is not defined
JavaScript error: https://www.magazineluiza.com.br/ line 549 > injectedScript, line 1: ReferenceError: $ is not defined
JavaScript error: https://www.magazineluiza.com.br/ line 549 > injectedScript, line 1: ReferenceError: jQuery is not defined
JavaScript error: https://www.magazineluiza.com.br/ line 549 > injectedScript, line 1: ReferenceError: jQuery is not defined
JavaScript error: https://www.magazineluiza.com.br/ line 549 > injectedScript, line 7: ReferenceError: $ is not defined
JavaScript error: https://www.magazineluiza.com.br/ line 549 > injectedScript, line 1: ReferenceError: $ is not defined
JavaScript error: https://www.magazineluiza.com.br/ line 549 > injectedScript, line 1: ReferenceError: $ is not defined
JavaScript error: https://www.googletagmanager.com/gtm.js?id=GTM-BR2N, line 43: uncaught exception: [object Object]
JavaScript error: https://www.magazineluiza.com.br/ line 549 > injectedScript, line 1: ReferenceError: getCookie is not defined
JavaScript error: https://www.googletagmanager.com/gtm.js?id=GTM-BR2N, line 43: uncaught exception: [object Object]
JavaScript error: https://www.magazineluiza.com.br/ line 549 > injectedScript, line 2: ReferenceError: jQuery is not defined
JavaScript error: https://www.googletagmanager.com/gtm.js?id=GTM-BR2N, line 43: uncaught exception: [object Object]
JavaScript error: https://www.magazineluiza.com.br/ line 549 > injectedScript, line 1: ReferenceError: $ is not defined
1679184293216	Marionette	INFO	Stopped listening on port 49476
Dynamically enable window occlusion 1
!!! error running onStopped callback: TypeError: callback is not a function
WARNING: A blocker encountered an error while we were waiting.
          Blocker:  Waiting for ping task
          Phase: TelemetryController: Waiting for pending ping activity
          State: (none)
WARNING: Error: Phase "profile-before-change" is finished, it is too late to register completion condition "OS.File: flush I/O queued before profileBeforeChange"
WARNING: addBlocker@resource://gre/modules/AsyncShutdown.sys.mjs:727:15
addBlocker@resource://gre/modules/AsyncShutdown.sys.mjs:523:26
addBlocker@resource://gre/modules/AsyncShutdown.sys.mjs:458:15
setupShutdown@resource://gre/modules/osfile/osfile_async_front.jsm:1548:28
@resource://gre/modules/osfile/osfile_async_front.jsm:1568:16
@resource://gre/modules/osfile.jsm:12:30
@resource://gre/modules/TelemetryStorage.sys.mjs:10:28
_checkPendingPings@resource://gre/modules/TelemetrySend.sys.mjs:863:17
setup@resource://gre/modules/TelemetrySend.sys.mjs:803:18
setup@resource://gre/modules/TelemetrySend.sys.mjs:241:30
setupTelemetry/this._delayedInitTask<@resource://gre/modules/TelemetryControllerParent.sys.mjs:828:36
observe@resource://gre/modules/AsyncShutdown.sys.mjs:576:16

console.error: "TelemetryScheduler.shutdown - Already shut down"
WARNING: A blocker encountered an error while we were waiting.
          Blocker:  Waiting for ping task
          Phase: TelemetryController: Waiting for pending ping activity
          State: (none)
WARNING: Error: Phase "profile-before-change" is finished, it is too late to register completion condition "OS.File: flush I/O queued before profileBeforeChange"
WARNING: addBlocker@resource://gre/modules/AsyncShutdown.sys.mjs:727:15
addBlocker@resource://gre/modules/AsyncShutdown.sys.mjs:523:26
addBlocker@resource://gre/modules/AsyncShutdown.sys.mjs:458:15
setupShutdown@resource://gre/modules/osfile/osfile_async_front.jsm:1548:28
@resource://gre/modules/osfile/osfile_async_front.jsm:1568:16
@resource://gre/modules/osfile.jsm:12:30
@resource://gre/modules/TelemetryStorage.sys.mjs:10:28
_checkPendingPings@resource://gre/modules/TelemetrySend.sys.mjs:863:17
setup@resource://gre/modules/TelemetrySend.sys.mjs:803:18
setup@resource://gre/modules/TelemetrySend.sys.mjs:241:30
setupTelemetry/this._delayedInitTask<@resource://gre/modules/TelemetryControllerParent.sys.mjs:828:36
observe@resource://gre/modules/AsyncShutdown.sys.mjs:576:16

WARNING: A blocker encountered an error while we were waiting.
          Blocker:  Waiting for ping task
          Phase: TelemetryController: Waiting for pending ping activity
          State: (none)
WARNING: Error: Phase "profile-before-change" is finished, it is too late to register completion condition "OS.File: flush I/O queued before profileBeforeChange"
WARNING: addBlocker@resource://gre/modules/AsyncShutdown.sys.mjs:727:15
addBlocker@resource://gre/modules/AsyncShutdown.sys.mjs:523:26
addBlocker@resource://gre/modules/AsyncShutdown.sys.mjs:458:15
setupShutdown@resource://gre/modules/osfile/osfile_async_front.jsm:1548:28
@resource://gre/modules/osfile/osfile_async_front.jsm:1568:16
@resource://gre/modules/osfile.jsm:12:30
@resource://gre/modules/TelemetryStorage.sys.mjs:10:28
_checkPendingPings@resource://gre/modules/TelemetrySend.sys.mjs:863:17
setup@resource://gre/modules/TelemetrySend.sys.mjs:803:18
setup@resource://gre/modules/TelemetrySend.sys.mjs:241:30
setupTelemetry/this._delayedInitTask<@resource://gre/modules/TelemetryControllerParent.sys.mjs:828:36
observe@resource://gre/modules/AsyncShutdown.sys.mjs:576:16

WARNING: A blocker encountered an error while we were waiting.
          Blocker:  TelemetryController: shutting down
          Phase: profile-before-change-telemetry
          State: Error getting state: Error: Phase "profile-before-change" is finished, it is too late to register completion condition "OS.File: flush I/O queued before profileBeforeChange" at addBlocker@resource://gre/modules/AsyncShutdown.sys.mjs:727:15
addBlocker@resource://gre/modules/AsyncShutdown.sys.mjs:523:26
addBlocker@resource://gre/modules/AsyncShutdown.sys.mjs:458:15
setupShutdown@resource://gre/modules/osfile/osfile_async_front.jsm:1548:28
@resource://gre/modules/osfile/osfile_async_front.jsm:1568:16
@resource://gre/modules/osfile.jsm:12:30
@resource://gre/modules/TelemetryStorage.sys.mjs:10:28
_checkPendingPings@resource://gre/modules/TelemetrySend.sys.mjs:863:17
setup@resource://gre/modules/TelemetrySend.sys.mjs:803:18
setup@resource://gre/modules/TelemetrySend.sys.mjs:241:30
setupTelemetry/this._delayedInitTask<@resource://gre/modules/TelemetryControllerParent.sys.mjs:828:36
observe@resource://gre/modules/AsyncShutdown.sys.mjs:576:16

WARNING: Error: Phase "profile-before-change" is finished, it is too late to register completion condition "OS.File: flush I/O queued before profileBeforeChange"
WARNING: addBlocker@resource://gre/modules/AsyncShutdown.sys.mjs:727:15
addBlocker@resource://gre/modules/AsyncShutdown.sys.mjs:523:26
addBlocker@resource://gre/modules/AsyncShutdown.sys.mjs:458:15
setupShutdown@resource://gre/modules/osfile/osfile_async_front.jsm:1548:28
@resource://gre/modules/osfile/osfile_async_front.jsm:1568:16
@resource://gre/modules/osfile.jsm:12:30
@resource://gre/modules/TelemetryStorage.sys.mjs:10:28
_checkPendingPings@resource://gre/modules/TelemetrySend.sys.mjs:863:17
setup@resource://gre/modules/TelemetrySend.sys.mjs:803:18
setup@resource://gre/modules/TelemetrySend.sys.mjs:241:30
setupTelemetry/this._delayedInitTask<@resource://gre/modules/TelemetryControllerParent.sys.mjs:828:36
observe@resource://gre/modules/AsyncShutdown.sys.mjs:576:16

JavaScript error: resource://gre/modules/AsyncShutdown.sys.mjs, line 727: Error: Phase "profile-before-change" is finished, it is too late to register completion condition "OS.File: flush I/O queued before profileBeforeChange"
JavaScript error: resource://gre/modules/AsyncShutdown.sys.mjs, line 727: Error: Phase "profile-before-change" is finished, it is too late to register completion condition "OS.File: flush I/O queued before profileBeforeChange"
JavaScript error: resource://gre/modules/AsyncShutdown.sys.mjs, line 727: Error: Phase "profile-before-change" is finished, it is too late to register completion condition "OS.File: flush I/O queued before profileBeforeChange"
JavaScript error: resource://gre/modules/AsyncShutdown.sys.mjs, line 727: Error: Phase "profile-before-change" is finished, it is too late to register completion condition "OS.File: flush I/O queued before profileBeforeChange"
JavaScript error: resource://gre/modules/AsyncShutdown.sys.mjs, line 727: Error: Phase "profile-before-change" is finished, it is too late to register completion condition "OS.File: flush I/O queued before profileBeforeChange"
JavaScript error: resource://gre/modules/AsyncShutdown.sys.mjs, line 727: Error: Phase "profile-before-change" is finished, it is too late to register completion condition "OS.File: flush I/O queued before profileBeforeChange"
1679184363254	geckodriver	INFO	Listening on 127.0.0.1:49713
1679184365278	mozrunner::runner	INFO	Running command: "C:\\Program Files\\Mozilla Firefox\\firefox.exe" "--marionette" "--remote-debugging-port" "49714" "--remote-allow-hosts" "localhost" "-no-remote" "-profile" "C:\\Users\\Ricardo\\AppData\\Local\\Temp\\rust_mozprofileBvmCxM"
console.warn: services.settings: Ignoring preference override of remote settings server
console.warn: services.settings: Allow by setting MOZ_REMOTE_SETTINGS_DEVTOOLS=1 in the environment
1679184365745	Marionette	INFO	Marionette enabled
Dynamically enable window occlusion 0
1679184365752	Marionette	INFO	Listening on port 49721
Read port: 49721
WebDriver BiDi listening on ws://127.0.0.1:49714
1679184366018	RemoteAgent	WARN	TLS certificate errors will be ignored for this session
console.warn: SearchSettings: "get: No settings file exists, new profile?" (new NotFoundError("Could not open the file at C:\\Users\\Ricardo\\AppData\\Local\\Temp\\rust_mozprofileBvmCxM\\search.json.mozlz4", (void 0)))
console.error: Region.sys.mjs: "Error fetching region" (new AbortError("The operation was aborted. ", (void 0), 762))
console.error: Region.sys.mjs: "Failed to fetch region" (new Error("NO_RESULT", "resource://gre/modules/Region.sys.mjs", 416))
DevTools listening on ws://127.0.0.1:49714/devtools/browser/01a453c0-5829-4378-9c72-21e0f3983692
console.error: (new TypeError("this._searchProviderInfo is null", "resource:///modules/SearchSERPTelemetry.sys.mjs", 468))
JavaScript error: https://www.magazineluiza.com.br/ line 549 > injectedScript, line 1: ReferenceError: $ is not defined
JavaScript error: https://www.magazineluiza.com.br/ line 549 > injectedScript, line 1: ReferenceError: $ is not defined
JavaScript error: https://www.magazineluiza.com.br/ line 549 > injectedScript, line 1: ReferenceError: $ is not defined
JavaScript error: https://www.magazineluiza.com.br/ line 549 > injectedScript, line 1: ReferenceError: jQuery is not defined
JavaScript error: https://www.magazineluiza.com.br/ line 549 > injectedScript, line 1: ReferenceError: jQuery is not defined
JavaScript error: https://www.magazineluiza.com.br/ line 549 > injectedScript, line 7: ReferenceError: $ is not defined
JavaScript error: https://www.magazineluiza.com.br/ line 549 > injectedScript, line 1: ReferenceError: $ is not defined
JavaScript error: https://www.magazineluiza.com.br/ line 549 > injectedScript, line 1: ReferenceError: $ is not defined
JavaScript error: https://www.googletagmanager.com/gtm.js?id=GTM-BR2N, line 43: uncaught exception: [object Object]
JavaScript error: https://www.magazineluiza.com.br/ line 549 > injectedScript, line 1: ReferenceError: getCookie is not defined
JavaScript error: https://www.googletagmanager.com/gtm.js?id=GTM-BR2N, line 43: uncaught exception: [object Object]
JavaScript error: https://www.magazineluiza.com.br/ line 549 > injectedScript, line 2: ReferenceError: jQuery is not defined
JavaScript error: https://www.googletagmanager.com/gtm.js?id=GTM-BR2N, line 43: uncaught exception: [object Object]
JavaScript error: https://www.magazineluiza.com.br/ line 549 > injectedScript, line 1: ReferenceError: $ is not defined
1679184439264	Marionette	INFO	Stopped listening on port 49721
Dynamically enable window occlusion 1
[Parent 10088, IPC I/O Parent] WARNING: DuplicateHandle failed for handle 0 in TransferHandles: file /builds/worker/checkouts/gecko/ipc/chromium/src/chrome/common/ipc_channel_win.cc:777
1679184477333	geckodriver	INFO	Listening on 127.0.0.1:49982
1679184479382	mozrunner::runner	INFO	Running command: "C:\\Program Files\\Mozilla Firefox\\firefox.exe" "--marionette" "--remote-debugging-port" "49983" "--remote-allow-hosts" "localhost" "-no-remote" "-profile" "C:\\Users\\Ricardo\\AppData\\Local\\Temp\\rust_mozprofileqEttKO"
console.warn: services.settings: Ignoring preference override of remote settings server
console.warn: services.settings: Allow by setting MOZ_REMOTE_SETTINGS_DEVTOOLS=1 in the environment
1679184479983	Marionette	INFO	Marionette enabled
Dynamically enable window occlusion 0
1679184479991	Marionette	INFO	Listening on port 49990
Read port: 49990
WebDriver BiDi listening on ws://127.0.0.1:49983
1679184480252	RemoteAgent	WARN	TLS certificate errors will be ignored for this session
console.warn: SearchSettings: "get: No settings file exists, new profile?" (new NotFoundError("Could not open the file at C:\\Users\\Ricardo\\AppData\\Local\\Temp\\rust_mozprofileqEttKO\\search.json.mozlz4", (void 0)))
console.error: Region.sys.mjs: "Error fetching region" (new Error("TIMEOUT", "resource://gre/modules/Region.sys.mjs", 764))
console.error: Region.sys.mjs: "Failed to fetch region" (new Error("TIMEOUT", "resource://gre/modules/Region.sys.mjs", 416))
DevTools listening on ws://127.0.0.1:49983/devtools/browser/09e44d52-645d-4334-8bff-98dc8af19ac2
console.error: (new TypeError("this._searchProviderInfo is null", "resource:///modules/SearchSERPTelemetry.sys.mjs", 468))
JavaScript error: https://www.magazineluiza.com.br/ line 549 > injectedScript, line 1: ReferenceError: $ is not defined
JavaScript error: https://www.magazineluiza.com.br/ line 549 > injectedScript, line 1: ReferenceError: $ is not defined
JavaScript error: https://www.magazineluiza.com.br/ line 549 > injectedScript, line 1: ReferenceError: $ is not defined
JavaScript error: https://www.magazineluiza.com.br/ line 549 > injectedScript, line 1: ReferenceError: jQuery is not defined
JavaScript error: https://www.magazineluiza.com.br/ line 549 > injectedScript, line 1: ReferenceError: jQuery is not defined
JavaScript error: https://www.magazineluiza.com.br/ line 549 > injectedScript, line 7: ReferenceError: $ is not defined
JavaScript error: https://www.magazineluiza.com.br/ line 549 > injectedScript, line 1: ReferenceError: $ is not defined
JavaScript error: https://www.magazineluiza.com.br/ line 549 > injectedScript, line 1: ReferenceError: $ is not defined
JavaScript error: https://www.googletagmanager.com/gtm.js?id=GTM-BR2N, line 43: uncaught exception: [object Object]
JavaScript error: https://www.magazineluiza.com.br/ line 549 > injectedScript, line 1: ReferenceError: getCookie is not defined
JavaScript error: https://www.googletagmanager.com/gtm.js?id=GTM-BR2N, line 43: uncaught exception: [object Object]
JavaScript error: https://www.magazineluiza.com.br/ line 549 > injectedScript, line 2: ReferenceError: jQuery is not defined
JavaScript error: https://www.googletagmanager.com/gtm.js?id=GTM-BR2N, line 43: uncaught exception: [object Object]
JavaScript error: https://www.magazineluiza.com.br/ line 549 > injectedScript, line 1: ReferenceError: $ is not defined
1679184530461	Marionette	INFO	Stopped listening on port 49990
Dynamically enable window occlusion 1
1679184606200	geckodriver	INFO	Listening on 127.0.0.1:50257
1679184608304	mozrunner::runner	INFO	Running command: "C:\\Program Files\\Mozilla Firefox\\firefox.exe" "--marionette" "--remote-debugging-port" "50258" "--remote-allow-hosts" "localhost" "-no-remote" "-profile" "C:\\Users\\Ricardo\\AppData\\Local\\Temp\\rust_mozprofilehKCCHK"
console.warn: services.settings: Ignoring preference override of remote settings server
console.warn: services.settings: Allow by setting MOZ_REMOTE_SETTINGS_DEVTOOLS=1 in the environment
1679184608838	Marionette	INFO	Marionette enabled
Dynamically enable window occlusion 0
1679184608844	Marionette	INFO	Listening on port 50265
Read port: 50265
WebDriver BiDi listening on ws://127.0.0.1:50258
1679184609071	RemoteAgent	WARN	TLS certificate errors will be ignored for this session
console.warn: SearchSettings: "get: No settings file exists, new profile?" (new NotFoundError("Could not open the file at C:\\Users\\Ricardo\\AppData\\Local\\Temp\\rust_mozprofilehKCCHK\\search.json.mozlz4", (void 0)))
DevTools listening on ws://127.0.0.1:50258/devtools/browser/353f00bd-28d9-4e7b-b867-f2b46f6f2afe
console.error: (new TypeError("this._searchProviderInfo is null", "resource:///modules/SearchSERPTelemetry.sys.mjs", 468))
console.error: (new TypeError("linkMap is undefined", "resource://gre/modules/NewTabUtils.sys.mjs", 2019))
JavaScript error: https://www.magazineluiza.com.br/ line 549 > injectedScript, line 1: ReferenceError: $ is not defined
JavaScript error: https://www.magazineluiza.com.br/ line 549 > injectedScript, line 1: ReferenceError: $ is not defined
JavaScript error: https://www.magazineluiza.com.br/ line 549 > injectedScript, line 1: ReferenceError: $ is not defined
JavaScript error: https://www.magazineluiza.com.br/ line 549 > injectedScript, line 1: ReferenceError: jQuery is not defined
JavaScript error: https://www.magazineluiza.com.br/ line 549 > injectedScript, line 1: ReferenceError: jQuery is not defined
JavaScript error: https://www.magazineluiza.com.br/ line 549 > injectedScript, line 7: ReferenceError: $ is not defined
JavaScript error: https://www.magazineluiza.com.br/ line 549 > injectedScript, line 1: ReferenceError: $ is not defined
JavaScript error: https://www.magazineluiza.com.br/ line 549 > injectedScript, line 1: ReferenceError: $ is not defined
JavaScript error: https://www.googletagmanager.com/gtm.js?id=GTM-BR2N, line 43: uncaught exception: [object Object]
JavaScript error: https://www.magazineluiza.com.br/ line 549 > injectedScript, line 1: ReferenceError: getCookie is not defined
JavaScript error: https://www.googletagmanager.com/gtm.js?id=GTM-BR2N, line 43: uncaught exception: [object Object]
JavaScript error: https://www.magazineluiza.com.br/ line 549 > injectedScript, line 1: ReferenceError: $ is not defined
JavaScript error: https://www.googletagmanager.com/gtm.js?id=GTM-BR2N, line 43: uncaught exception: [object Object]
JavaScript error: https://www.magazineluiza.com.br/ line 549 > injectedScript, line 2: ReferenceError: jQuery is not defined
1679184683463	Marionette	INFO	Stopped listening on port 50265
Dynamically enable window occlusion 1
!!! error running onStopped callback: TypeError: callback is not a function
Shutting down due to socket process crash.
1679184779751	geckodriver	INFO	Listening on 127.0.0.1:50572
1679184781796	mozrunner::runner	INFO	Running command: "C:\\Program Files\\Mozilla Firefox\\firefox.exe" "--marionette" "--remote-debugging-port" "50573" "--remote-allow-hosts" "localhost" "-no-remote" "-profile" "C:\\Users\\Ricardo\\AppData\\Local\\Temp\\rust_mozprofilehlBcMN"
console.warn: services.settings: Ignoring preference override of remote settings server
console.warn: services.settings: Allow by setting MOZ_REMOTE_SETTINGS_DEVTOOLS=1 in the environment
1679184782283	Marionette	INFO	Marionette enabled
Dynamically enable window occlusion 0
1679184782293	Marionette	INFO	Listening on port 50580
Read port: 
1679184782347	geckodriver::browser	WARN	Failed fo convert  to u16
WebDriver BiDi listening on ws://127.0.0.1:50573
Read port: 50580
1679184782974	RemoteAgent	WARN	TLS certificate errors will be ignored for this session
console.warn: SearchSettings: "get: No settings file exists, new profile?" (new NotFoundError("Could not open the file at C:\\Users\\Ricardo\\AppData\\Local\\Temp\\rust_mozprofilehlBcMN\\search.json.mozlz4", (void 0)))
console.error: Region.sys.mjs: "Error fetching region" (new AbortError("The operation was aborted. ", (void 0), 762))
console.error: Region.sys.mjs: "Failed to fetch region" (new Error("NO_RESULT", "resource://gre/modules/Region.sys.mjs", 416))
DevTools listening on ws://127.0.0.1:50573/devtools/browser/7a812316-8bbe-41d5-8802-7cdbabf67b91
console.error: (new TypeError("this._searchProviderInfo is null", "resource:///modules/SearchSERPTelemetry.sys.mjs", 468))
console.error: (new TypeError("linkMap is undefined", "resource://gre/modules/NewTabUtils.sys.mjs", 2019))
JavaScript error: https://www.magazineluiza.com.br/ line 549 > injectedScript, line 1: ReferenceError: $ is not defined
JavaScript error: https://www.magazineluiza.com.br/ line 549 > injectedScript, line 1: ReferenceError: $ is not defined
JavaScript error: https://www.magazineluiza.com.br/ line 549 > injectedScript, line 1: ReferenceError: $ is not defined
JavaScript error: https://www.magazineluiza.com.br/ line 549 > injectedScript, line 1: ReferenceError: jQuery is not defined
JavaScript error: https://www.magazineluiza.com.br/ line 549 > injectedScript, line 1: ReferenceError: jQuery is not defined
JavaScript error: https://www.magazineluiza.com.br/ line 549 > injectedScript, line 7: ReferenceError: $ is not defined
JavaScript error: https://www.magazineluiza.com.br/ line 549 > injectedScript, line 1: ReferenceError: $ is not defined
JavaScript error: https://www.magazineluiza.com.br/ line 549 > injectedScript, line 1: ReferenceError: $ is not defined
JavaScript error: https://www.googletagmanager.com/gtm.js?id=GTM-BR2N, line 43: uncaught exception: [object Object]
JavaScript error: https://www.magazineluiza.com.br/ line 549 > injectedScript, line 1: ReferenceError: getCookie is not defined
JavaScript error: https://www.googletagmanager.com/gtm.js?id=GTM-BR2N, line 43: uncaught exception: [object Object]
JavaScript error: https://www.magazineluiza.com.br/ line 549 > injectedScript, line 2: ReferenceError: jQuery is not defined
JavaScript error: https://www.magazineluiza.com.br/ line 549 > injectedScript, line 1: ReferenceError: $ is not defined
1679184866387	Marionette	WARN	Ignoring event 'pageshow' because document has an invalid readyState of 'uninitialized'.
1679184879382	Marionette	INFO	Stopped listening on port 50580
Dynamically enable window occlusion 1
!!! error running onStopped callback: TypeError: callback is not a function
[Parent 2892, IPC I/O Parent] WARNING: DuplicateHandle failed for handle 0 in TransferHandles: file /builds/worker/checkouts/gecko/ipc/chromium/src/chrome/common/ipc_channel_win.cc:777
1679185745014	geckodriver	INFO	Listening on 127.0.0.1:52013
1679185747091	mozrunner::runner	INFO	Running command: "C:\\Program Files\\Mozilla Firefox\\firefox.exe" "--marionette" "--remote-debugging-port" "52014" "--remote-allow-hosts" "localhost" "-no-remote" "-profile" "C:\\Users\\Ricardo\\AppData\\Local\\Temp\\rust_mozprofilefwa0BO"
console.warn: services.settings: Ignoring preference override of remote settings server
console.warn: services.settings: Allow by setting MOZ_REMOTE_SETTINGS_DEVTOOLS=1 in the environment
1679185747668	Marionette	INFO	Marionette enabled
Dynamically enable window occlusion 0
1679185747678	Marionette	INFO	Listening on port 52021
Read port: 52021
WebDriver BiDi listening on ws://127.0.0.1:52014
1679185747988	RemoteAgent	WARN	TLS certificate errors will be ignored for this session
console.warn: SearchSettings: "get: No settings file exists, new profile?" (new NotFoundError("Could not open the file at C:\\Users\\Ricardo\\AppData\\Local\\Temp\\rust_mozprofilefwa0BO\\search.json.mozlz4", (void 0)))
console.error: Region.sys.mjs: "Error fetching region" (new AbortError("The operation was aborted. ", (void 0), 762))
console.error: Region.sys.mjs: "Failed to fetch region" (new Error("NO_RESULT", "resource://gre/modules/Region.sys.mjs", 416))
DevTools listening on ws://127.0.0.1:52014/devtools/browser/d13639d7-9653-4111-bf69-88df7f79c0a8
console.error: (new TypeError("this._searchProviderInfo is null", "resource:///modules/SearchSERPTelemetry.sys.mjs", 468))
JavaScript error: https://www.magazineluiza.com.br/ line 549 > injectedScript, line 1: ReferenceError: $ is not defined
JavaScript error: https://www.magazineluiza.com.br/ line 549 > injectedScript, line 1: ReferenceError: $ is not defined
JavaScript error: https://www.magazineluiza.com.br/ line 549 > injectedScript, line 1: ReferenceError: $ is not defined
JavaScript error: https://www.magazineluiza.com.br/ line 549 > injectedScript, line 1: ReferenceError: jQuery is not defined
JavaScript error: https://www.magazineluiza.com.br/ line 549 > injectedScript, line 1: ReferenceError: jQuery is not defined
JavaScript error: https://www.magazineluiza.com.br/ line 549 > injectedScript, line 7: ReferenceError: $ is not defined
JavaScript error: https://www.magazineluiza.com.br/ line 549 > injectedScript, line 1: ReferenceError: $ is not defined
JavaScript error: https://www.magazineluiza.com.br/ line 549 > injectedScript, line 1: ReferenceError: $ is not defined
JavaScript error: https://www.googletagmanager.com/gtm.js?id=GTM-BR2N, line 43: uncaught exception: [object Object]
JavaScript error: https://www.magazineluiza.com.br/ line 549 > injectedScript, line 1: ReferenceError: getCookie is not defined
JavaScript error: https://www.googletagmanager.com/gtm.js?id=GTM-BR2N, line 43: uncaught exception: [object Object]
JavaScript error: https://www.magazineluiza.com.br/ line 549 > injectedScript, line 2: ReferenceError: jQuery is not defined
JavaScript error: https://www.googletagmanager.com/gtm.js?id=GTM-BR2N, line 43: uncaught exception: [object Object]
JavaScript error: https://www.magazineluiza.com.br/busca/oculos+0/ line 549 > injectedScript, line 1: ReferenceError: $ is not defined
1679185804310	Marionette	INFO	Stopped listening on port 52021
Dynamically enable window occlusion 1
JavaScript error: resource://gre/modules/AsyncShutdown.sys.mjs, line 727: Error: Phase "profile-before-change" is finished, it is too late to register completion condition "OS.File: flush I/O queued before profileBeforeChange"
WARNING: A blocker encountered an error while we were waiting.
          Blocker:  Waiting for ping task
          Phase: TelemetryController: Waiting for pending ping activity
          State: (none)
WARNING: Error: Phase "profile-before-change" is finished, it is too late to register completion condition "OS.File: flush I/O queued before profileBeforeChange"
WARNING: addBlocker@resource://gre/modules/AsyncShutdown.sys.mjs:727:15
addBlocker@resource://gre/modules/AsyncShutdown.sys.mjs:523:26
addBlocker@resource://gre/modules/AsyncShutdown.sys.mjs:458:15
setupShutdown@resource://gre/modules/osfile/osfile_async_front.jsm:1548:28
@resource://gre/modules/osfile/osfile_async_front.jsm:1568:16
@resource://gre/modules/osfile.jsm:12:30
@resource://gre/modules/TelemetryStorage.sys.mjs:10:28
_checkPendingPings@resource://gre/modules/TelemetrySend.sys.mjs:863:17
setup@resource://gre/modules/TelemetrySend.sys.mjs:803:18
setup@resource://gre/modules/TelemetrySend.sys.mjs:241:30
setupTelemetry/this._delayedInitTask<@resource://gre/modules/TelemetryControllerParent.sys.mjs:828:36

console.error: "TelemetryScheduler.shutdown - Already shut down"
WARNING: A blocker encountered an error while we were waiting.
          Blocker:  Waiting for ping task
          Phase: TelemetryController: Waiting for pending ping activity
          State: (none)
WARNING: Error: Phase "profile-before-change" is finished, it is too late to register completion condition "OS.File: flush I/O queued before profileBeforeChange"
WARNING: addBlocker@resource://gre/modules/AsyncShutdown.sys.mjs:727:15
addBlocker@resource://gre/modules/AsyncShutdown.sys.mjs:523:26
addBlocker@resource://gre/modules/AsyncShutdown.sys.mjs:458:15
setupShutdown@resource://gre/modules/osfile/osfile_async_front.jsm:1548:28
@resource://gre/modules/osfile/osfile_async_front.jsm:1568:16
@resource://gre/modules/osfile.jsm:12:30
@resource://gre/modules/TelemetryStorage.sys.mjs:10:28
_checkPendingPings@resource://gre/modules/TelemetrySend.sys.mjs:863:17
setup@resource://gre/modules/TelemetrySend.sys.mjs:803:18
setup@resource://gre/modules/TelemetrySend.sys.mjs:241:30
setupTelemetry/this._delayedInitTask<@resource://gre/modules/TelemetryControllerParent.sys.mjs:828:36

WARNING: A blocker encountered an error while we were waiting.
          Blocker:  Waiting for ping task
          Phase: TelemetryController: Waiting for pending ping activity
          State: (none)
WARNING: Error: Phase "profile-before-change" is finished, it is too late to register completion condition "OS.File: flush I/O queued before profileBeforeChange"
WARNING: addBlocker@resource://gre/modules/AsyncShutdown.sys.mjs:727:15
addBlocker@resource://gre/modules/AsyncShutdown.sys.mjs:523:26
addBlocker@resource://gre/modules/AsyncShutdown.sys.mjs:458:15
setupShutdown@resource://gre/modules/osfile/osfile_async_front.jsm:1548:28
@resource://gre/modules/osfile/osfile_async_front.jsm:1568:16
@resource://gre/modules/osfile.jsm:12:30
@resource://gre/modules/TelemetryStorage.sys.mjs:10:28
_checkPendingPings@resource://gre/modules/TelemetrySend.sys.mjs:863:17
setup@resource://gre/modules/TelemetrySend.sys.mjs:803:18
setup@resource://gre/modules/TelemetrySend.sys.mjs:241:30
setupTelemetry/this._delayedInitTask<@resource://gre/modules/TelemetryControllerParent.sys.mjs:828:36

WARNING: A blocker encountered an error while we were waiting.
          Blocker:  TelemetryController: shutting down
          Phase: profile-before-change-telemetry
          State: Error getting state: Error: Phase "profile-before-change" is finished, it is too late to register completion condition "OS.File: flush I/O queued before profileBeforeChange" at addBlocker@resource://gre/modules/AsyncShutdown.sys.mjs:727:15
addBlocker@resource://gre/modules/AsyncShutdown.sys.mjs:523:26
addBlocker@resource://gre/modules/AsyncShutdown.sys.mjs:458:15
setupShutdown@resource://gre/modules/osfile/osfile_async_front.jsm:1548:28
@resource://gre/modules/osfile/osfile_async_front.jsm:1568:16
@resource://gre/modules/osfile.jsm:12:30
@resource://gre/modules/TelemetryStorage.sys.mjs:10:28
_checkPendingPings@resource://gre/modules/TelemetrySend.sys.mjs:863:17
setup@resource://gre/modules/TelemetrySend.sys.mjs:803:18
setup@resource://gre/modules/TelemetrySend.sys.mjs:241:30
setupTelemetry/this._delayedInitTask<@resource://gre/modules/TelemetryControllerParent.sys.mjs:828:36

WARNING: Error: Phase "profile-before-change" is finished, it is too late to register completion condition "OS.File: flush I/O queued before profileBeforeChange"
WARNING: addBlocker@resource://gre/modules/AsyncShutdown.sys.mjs:727:15
addBlocker@resource://gre/modules/AsyncShutdown.sys.mjs:523:26
addBlocker@resource://gre/modules/AsyncShutdown.sys.mjs:458:15
setupShutdown@resource://gre/modules/osfile/osfile_async_front.jsm:1548:28
@resource://gre/modules/osfile/osfile_async_front.jsm:1568:16
@resource://gre/modules/osfile.jsm:12:30
@resource://gre/modules/TelemetryStorage.sys.mjs:10:28
_checkPendingPings@resource://gre/modules/TelemetrySend.sys.mjs:863:17
setup@resource://gre/modules/TelemetrySend.sys.mjs:803:18
setup@resource://gre/modules/TelemetrySend.sys.mjs:241:30
setupTelemetry/this._delayedInitTask<@resource://gre/modules/TelemetryControllerParent.sys.mjs:828:36

JavaScript error: resource://gre/modules/AsyncShutdown.sys.mjs, line 727: Error: Phase "profile-before-change" is finished, it is too late to register completion condition "OS.File: flush I/O queued before profileBeforeChange"
JavaScript error: resource://gre/modules/AsyncShutdown.sys.mjs, line 727: Error: Phase "profile-before-change" is finished, it is too late to register completion condition "OS.File: flush I/O queued before profileBeforeChange"
JavaScript error: resource://gre/modules/AsyncShutdown.sys.mjs, line 727: Error: Phase "profile-before-change" is finished, it is too late to register completion condition "OS.File: flush I/O queued before profileBeforeChange"
JavaScript error: resource://gre/modules/AsyncShutdown.sys.mjs, line 727: Error: Phase "profile-before-change" is finished, it is too late to register completion condition "OS.File: flush I/O queued before profileBeforeChange"
JavaScript error: resource://gre/modules/AsyncShutdown.sys.mjs, line 727: Error: Phase "profile-before-change" is finished, it is too late to register completion condition "OS.File: flush I/O queued before profileBeforeChange"
[Parent 8100, IPC I/O Parent] WARNING: pipe error: 232: file /builds/worker/checkouts/gecko/ipc/chromium/src/chrome/common/ipc_channel_win.cc:583
1679185896698	geckodriver	INFO	Listening on 127.0.0.1:64448
1679185898752	mozrunner::runner	INFO	Running command: "C:\\Program Files\\Mozilla Firefox\\firefox.exe" "--marionette" "--remote-debugging-port" "64449" "--remote-allow-hosts" "localhost" "-no-remote" "-profile" "C:\\Users\\Ricardo\\AppData\\Local\\Temp\\rust_mozprofileerBZjj"
console.warn: services.settings: Ignoring preference override of remote settings server
console.warn: services.settings: Allow by setting MOZ_REMOTE_SETTINGS_DEVTOOLS=1 in the environment
1679185899232	Marionette	INFO	Marionette enabled
Dynamically enable window occlusion 0
1679185899242	Marionette	INFO	Listening on port 64456
Read port: 64456
WebDriver BiDi listening on ws://127.0.0.1:64449
1679185899490	RemoteAgent	WARN	TLS certificate errors will be ignored for this session
console.warn: SearchSettings: "get: No settings file exists, new profile?" (new NotFoundError("Could not open the file at C:\\Users\\Ricardo\\AppData\\Local\\Temp\\rust_mozprofileerBZjj\\search.json.mozlz4", (void 0)))
DevTools listening on ws://127.0.0.1:64449/devtools/browser/18b390e6-a601-4954-b1b2-9003079b4104
console.error: (new TypeError("this._searchProviderInfo is null", "resource:///modules/SearchSERPTelemetry.sys.mjs", 468))
console.error: (new TypeError("linkMap is undefined", "resource://gre/modules/NewTabUtils.sys.mjs", 2019))
JavaScript error: https://www.magazineluiza.com.br/ line 549 > injectedScript, line 1: ReferenceError: $ is not defined
JavaScript error: https://www.magazineluiza.com.br/ line 549 > injectedScript, line 1: ReferenceError: $ is not defined
JavaScript error: https://www.magazineluiza.com.br/ line 549 > injectedScript, line 1: ReferenceError: $ is not defined
JavaScript error: https://www.magazineluiza.com.br/ line 549 > injectedScript, line 1: ReferenceError: jQuery is not defined
JavaScript error: https://www.magazineluiza.com.br/ line 549 > injectedScript, line 1: ReferenceError: jQuery is not defined
JavaScript error: https://www.magazineluiza.com.br/ line 549 > injectedScript, line 7: ReferenceError: $ is not defined
JavaScript error: https://www.magazineluiza.com.br/ line 549 > injectedScript, line 1: ReferenceError: $ is not defined
JavaScript error: https://www.magazineluiza.com.br/ line 549 > injectedScript, line 1: ReferenceError: $ is not defined
JavaScript error: https://www.googletagmanager.com/gtm.js?id=GTM-BR2N, line 43: uncaught exception: [object Object]
JavaScript error: https://www.magazineluiza.com.br/ line 549 > injectedScript, line 1: ReferenceError: getCookie is not defined
JavaScript error: https://www.googletagmanager.com/gtm.js?id=GTM-BR2N, line 43: uncaught exception: [object Object]
JavaScript error: https://www.magazineluiza.com.br/ line 549 > injectedScript, line 2: ReferenceError: jQuery is not defined
JavaScript error: https://www.googletagmanager.com/gtm.js?id=GTM-BR2N, line 43: uncaught exception: [object Object]
JavaScript error: https://www.magazineluiza.com.br/ line 549 > injectedScript, line 1: ReferenceError: $ is not defined
1679186018189	Marionette	INFO	Stopped listening on port 64456
Dynamically enable window occlusion 1
1679186143159	geckodriver	INFO	Listening on 127.0.0.1:51854
1679186145327	mozrunner::runner	INFO	Running command: "C:\\Program Files\\Mozilla Firefox\\firefox.exe" "--marionette" "--remote-debugging-port" "51855" "--remote-allow-hosts" "localhost" "-no-remote" "-profile" "C:\\Users\\Ricardo\\AppData\\Local\\Temp\\rust_mozprofileTt7Yps"
console.warn: services.settings: Ignoring preference override of remote settings server
console.warn: services.settings: Allow by setting MOZ_REMOTE_SETTINGS_DEVTOOLS=1 in the environment
1679186145923	Marionette	INFO	Marionette enabled
Dynamically enable window occlusion 0
1679186145930	Marionette	INFO	Listening on port 51862
Read port: 51862
WebDriver BiDi listening on ws://127.0.0.1:51855
1679186146190	RemoteAgent	WARN	TLS certificate errors will be ignored for this session
console.warn: SearchSettings: "get: No settings file exists, new profile?" (new NotFoundError("Could not open the file at C:\\Users\\Ricardo\\AppData\\Local\\Temp\\rust_mozprofileTt7Yps\\search.json.mozlz4", (void 0)))
DevTools listening on ws://127.0.0.1:51855/devtools/browser/6df6fd84-eff3-4c91-bacc-1c918ea63d1b
console.error: (new TypeError("this._searchProviderInfo is null", "resource:///modules/SearchSERPTelemetry.sys.mjs", 468))
JavaScript error: https://www.magazineluiza.com.br/ line 549 > injectedScript, line 1: ReferenceError: $ is not defined
JavaScript error: https://www.magazineluiza.com.br/ line 549 > injectedScript, line 1: ReferenceError: $ is not defined
JavaScript error: https://www.magazineluiza.com.br/ line 549 > injectedScript, line 1: ReferenceError: $ is not defined
JavaScript error: https://www.magazineluiza.com.br/ line 549 > injectedScript, line 1: ReferenceError: jQuery is not defined
JavaScript error: https://www.magazineluiza.com.br/ line 549 > injectedScript, line 1: ReferenceError: jQuery is not defined
JavaScript error: https://www.magazineluiza.com.br/ line 549 > injectedScript, line 7: ReferenceError: $ is not defined
JavaScript error: https://www.magazineluiza.com.br/ line 549 > injectedScript, line 1: ReferenceError: $ is not defined
JavaScript error: https://www.magazineluiza.com.br/ line 549 > injectedScript, line 1: ReferenceError: $ is not defined
JavaScript error: https://www.googletagmanager.com/gtm.js?id=GTM-BR2N, line 43: uncaught exception: [object Object]
JavaScript error: https://www.magazineluiza.com.br/ line 549 > injectedScript, line 1: ReferenceError: getCookie is not defined
JavaScript error: https://www.googletagmanager.com/gtm.js?id=GTM-BR2N, line 43: uncaught exception: [object Object]
JavaScript error: https://www.magazineluiza.com.br/ line 549 > injectedScript, line 2: ReferenceError: jQuery is not defined
JavaScript error: https://www.googletagmanager.com/gtm.js?id=GTM-BR2N, line 43: uncaught exception: [object Object]
JavaScript error: https://www.magazineluiza.com.br/ line 549 > injectedScript, line 1: ReferenceError: $ is not defined
1679186266108	Marionette	INFO	Stopped listening on port 51862
Dynamically enable window occlusion 1
1679186600484	geckodriver	INFO	Listening on 127.0.0.1:54470
1679186602534	mozrunner::runner	INFO	Running command: "C:\\Program Files\\Mozilla Firefox\\firefox.exe" "--marionette" "--remote-debugging-port" "54471" "--remote-allow-hosts" "localhost" "-no-remote" "-profile" "C:\\Users\\Ricardo\\AppData\\Local\\Temp\\rust_mozprofileum1UBC"
console.warn: services.settings: Ignoring preference override of remote settings server
console.warn: services.settings: Allow by setting MOZ_REMOTE_SETTINGS_DEVTOOLS=1 in the environment
1679186603065	Marionette	INFO	Marionette enabled
Dynamically enable window occlusion 0
1679186603075	Marionette	INFO	Listening on port 54478
Read port: 54478
WebDriver BiDi listening on ws://127.0.0.1:54471
1679186603298	RemoteAgent	WARN	TLS certificate errors will be ignored for this session
console.warn: SearchSettings: "get: No settings file exists, new profile?" (new NotFoundError("Could not open the file at C:\\Users\\Ricardo\\AppData\\Local\\Temp\\rust_mozprofileum1UBC\\search.json.mozlz4", (void 0)))
console.error: Region.sys.mjs: "Error fetching region" (new AbortError("The operation was aborted. ", (void 0), 762))
console.error: Region.sys.mjs: "Failed to fetch region" (new Error("NO_RESULT", "resource://gre/modules/Region.sys.mjs", 416))
DevTools listening on ws://127.0.0.1:54471/devtools/browser/f2ae506c-2ddc-44ac-a15b-060ed7a31870
console.error: (new TypeError("this._searchProviderInfo is null", "resource:///modules/SearchSERPTelemetry.sys.mjs", 468))
JavaScript error: https://www.magazineluiza.com.br/ line 549 > injectedScript, line 1: ReferenceError: $ is not defined
JavaScript error: https://www.magazineluiza.com.br/ line 549 > injectedScript, line 1: ReferenceError: $ is not defined
JavaScript error: https://www.magazineluiza.com.br/ line 549 > injectedScript, line 1: ReferenceError: $ is not defined
JavaScript error: https://www.magazineluiza.com.br/ line 549 > injectedScript, line 1: ReferenceError: jQuery is not defined
JavaScript error: https://www.magazineluiza.com.br/ line 549 > injectedScript, line 1: ReferenceError: jQuery is not defined
JavaScript error: https://www.magazineluiza.com.br/ line 549 > injectedScript, line 7: ReferenceError: $ is not defined
JavaScript error: https://www.magazineluiza.com.br/ line 549 > injectedScript, line 1: ReferenceError: $ is not defined
JavaScript error: https://www.magazineluiza.com.br/ line 549 > injectedScript, line 1: ReferenceError: $ is not defined
JavaScript error: https://www.googletagmanager.com/gtm.js?id=GTM-BR2N, line 43: uncaught exception: [object Object]
JavaScript error: https://www.magazineluiza.com.br/ line 549 > injectedScript, line 1: ReferenceError: getCookie is not defined
JavaScript error: https://www.googletagmanager.com/gtm.js?id=GTM-BR2N, line 43: uncaught exception: [object Object]
JavaScript error: https://www.magazineluiza.com.br/ line 549 > injectedScript, line 2: ReferenceError: jQuery is not defined
JavaScript error: https://www.googletagmanager.com/gtm.js?id=GTM-BR2N, line 43: uncaught exception: [object Object]
JavaScript error: https://www.magazineluiza.com.br/ line 549 > injectedScript, line 1: ReferenceError: $ is not defined
1679186729984	Marionette	INFO	Stopped listening on port 54478
Dynamically enable window occlusion 1
1679186986230	geckodriver	INFO	Listening on 127.0.0.1:54296
1679186988275	mozrunner::runner	INFO	Running command: "C:\\Program Files\\Mozilla Firefox\\firefox.exe" "--marionette" "--remote-debugging-port" "54297" "--remote-allow-hosts" "localhost" "-no-remote" "-profile" "C:\\Users\\Ricardo\\AppData\\Local\\Temp\\rust_mozprofileU9E6A7"
console.warn: services.settings: Ignoring preference override of remote settings server
console.warn: services.settings: Allow by setting MOZ_REMOTE_SETTINGS_DEVTOOLS=1 in the environment
1679186988757	Marionette	INFO	Marionette enabled
Dynamically enable window occlusion 0
1679186988764	Marionette	INFO	Listening on port 54304
Read port: 54304
WebDriver BiDi listening on ws://127.0.0.1:54297
1679186988994	RemoteAgent	WARN	TLS certificate errors will be ignored for this session
console.warn: SearchSettings: "get: No settings file exists, new profile?" (new NotFoundError("Could not open the file at C:\\Users\\Ricardo\\AppData\\Local\\Temp\\rust_mozprofileU9E6A7\\search.json.mozlz4", (void 0)))
DevTools listening on ws://127.0.0.1:54297/devtools/browser/7f589148-6d43-40fb-93b4-2e59b1d1a5d0
console.error: (new TypeError("this._searchProviderInfo is null", "resource:///modules/SearchSERPTelemetry.sys.mjs", 468))
JavaScript error: https://www.magazineluiza.com.br/ line 549 > injectedScript, line 1: ReferenceError: $ is not defined
JavaScript error: https://www.magazineluiza.com.br/ line 549 > injectedScript, line 1: ReferenceError: $ is not defined
JavaScript error: https://www.magazineluiza.com.br/ line 549 > injectedScript, line 1: ReferenceError: $ is not defined
JavaScript error: https://www.magazineluiza.com.br/ line 549 > injectedScript, line 1: ReferenceError: jQuery is not defined
JavaScript error: https://www.magazineluiza.com.br/ line 549 > injectedScript, line 1: ReferenceError: jQuery is not defined
JavaScript error: https://www.magazineluiza.com.br/ line 549 > injectedScript, line 7: ReferenceError: $ is not defined
JavaScript error: https://www.magazineluiza.com.br/ line 549 > injectedScript, line 1: ReferenceError: $ is not defined
JavaScript error: https://www.magazineluiza.com.br/ line 549 > injectedScript, line 1: ReferenceError: $ is not defined
JavaScript error: https://www.googletagmanager.com/gtm.js?id=GTM-BR2N, line 43: uncaught exception: [object Object]
JavaScript error: https://www.magazineluiza.com.br/ line 549 > injectedScript, line 1: ReferenceError: getCookie is not defined
JavaScript error: https://www.googletagmanager.com/gtm.js?id=GTM-BR2N, line 43: uncaught exception: [object Object]
JavaScript error: https://www.magazineluiza.com.br/ line 549 > injectedScript, line 2: ReferenceError: jQuery is not defined
JavaScript error: https://www.googletagmanager.com/gtm.js?id=GTM-BR2N, line 43: uncaught exception: [object Object]
JavaScript error: https://www.magazineluiza.com.br/ line 549 > injectedScript, line 1: ReferenceError: $ is not defined
JavaScript error: resource://devtools/client/jsonview/Sniffer.sys.mjs, line 53: NS_ERROR_NOT_AVAILABLE: Component returned failure code: 0x80040111 (NS_ERROR_NOT_AVAILABLE) [nsIChannel.contentType]
1679187093632	Marionette	INFO	Stopped listening on port 54304
Dynamically enable window occlusion 1
[Parent 12144, IPC I/O Parent] WARNING: pipe error: 232: file /builds/worker/checkouts/gecko/ipc/chromium/src/chrome/common/ipc_channel_win.cc:583
1679187194160	geckodriver	INFO	Listening on 127.0.0.1:52366
1679187196230	mozrunner::runner	INFO	Running command: "C:\\Program Files\\Mozilla Firefox\\firefox.exe" "--marionette" "--remote-debugging-port" "52367" "--remote-allow-hosts" "localhost" "-no-remote" "-profile" "C:\\Users\\Ricardo\\AppData\\Local\\Temp\\rust_mozprofileTPzKHD"
console.warn: services.settings: Ignoring preference override of remote settings server
console.warn: services.settings: Allow by setting MOZ_REMOTE_SETTINGS_DEVTOOLS=1 in the environment
1679187196904	Marionette	INFO	Marionette enabled
Dynamically enable window occlusion 0
1679187196913	Marionette	INFO	Listening on port 52375
Read port: 52375
WebDriver BiDi listening on ws://127.0.0.1:52367
1679187197168	RemoteAgent	WARN	TLS certificate errors will be ignored for this session
console.warn: SearchSettings: "get: No settings file exists, new profile?" (new NotFoundError("Could not open the file at C:\\Users\\Ricardo\\AppData\\Local\\Temp\\rust_mozprofileTPzKHD\\search.json.mozlz4", (void 0)))
DevTools listening on ws://127.0.0.1:52367/devtools/browser/21942f43-7910-4565-b890-06a936d56795
console.error: (new TypeError("this._searchProviderInfo is null", "resource:///modules/SearchSERPTelemetry.sys.mjs", 468))
JavaScript error: https://www.magazineluiza.com.br/ line 549 > injectedScript, line 1: ReferenceError: $ is not defined
JavaScript error: https://www.magazineluiza.com.br/ line 549 > injectedScript, line 1: ReferenceError: $ is not defined
JavaScript error: https://www.magazineluiza.com.br/ line 549 > injectedScript, line 1: ReferenceError: $ is not defined
JavaScript error: https://www.magazineluiza.com.br/ line 549 > injectedScript, line 1: ReferenceError: jQuery is not defined
JavaScript error: https://www.magazineluiza.com.br/ line 549 > injectedScript, line 1: ReferenceError: jQuery is not defined
JavaScript error: https://www.magazineluiza.com.br/ line 549 > injectedScript, line 7: ReferenceError: $ is not defined
JavaScript error: https://www.magazineluiza.com.br/ line 549 > injectedScript, line 1: ReferenceError: $ is not defined
JavaScript error: https://www.magazineluiza.com.br/ line 549 > injectedScript, line 1: ReferenceError: $ is not defined
JavaScript error: https://www.googletagmanager.com/gtm.js?id=GTM-BR2N, line 43: uncaught exception: [object Object]
JavaScript error: https://www.magazineluiza.com.br/ line 549 > injectedScript, line 1: ReferenceError: getCookie is not defined
JavaScript error: https://www.googletagmanager.com/gtm.js?id=GTM-BR2N, line 43: uncaught exception: [object Object]
JavaScript error: https://www.magazineluiza.com.br/ line 549 > injectedScript, line 2: ReferenceError: jQuery is not defined
JavaScript error: https://www.googletagmanager.com/gtm.js?id=GTM-BR2N, line 43: uncaught exception: [object Object]
JavaScript error: https://www.magazineluiza.com.br/ line 549 > injectedScript, line 1: ReferenceError: $ is not defined
1679187314821	Marionette	INFO	Stopped listening on port 52375
Dynamically enable window occlusion 1
1679187666406	geckodriver	INFO	Listening on 127.0.0.1:57815
1679187668436	mozrunner::runner	INFO	Running command: "C:\\Program Files\\Mozilla Firefox\\firefox.exe" "--marionette" "--remote-debugging-port" "57816" "--remote-allow-hosts" "localhost" "-no-remote" "-profile" "C:\\Users\\Ricardo\\AppData\\Local\\Temp\\rust_mozprofile63Yqmn"
console.warn: services.settings: Ignoring preference override of remote settings server
console.warn: services.settings: Allow by setting MOZ_REMOTE_SETTINGS_DEVTOOLS=1 in the environment
1679187668930	Marionette	INFO	Marionette enabled
Dynamically enable window occlusion 0
1679187668937	Marionette	INFO	Listening on port 57824
Read port: 57824
WebDriver BiDi listening on ws://127.0.0.1:57816
1679187669436	RemoteAgent	WARN	TLS certificate errors will be ignored for this session
console.warn: SearchSettings: "get: No settings file exists, new profile?" (new NotFoundError("Could not open the file at C:\\Users\\Ricardo\\AppData\\Local\\Temp\\rust_mozprofile63Yqmn\\search.json.mozlz4", (void 0)))
DevTools listening on ws://127.0.0.1:57816/devtools/browser/94aa1b80-cfce-474d-82bd-9d09de130086
console.error: (new TypeError("this._searchProviderInfo is null", "resource:///modules/SearchSERPTelemetry.sys.mjs", 468))
JavaScript error: https://www.magazineluiza.com.br/ line 549 > injectedScript, line 1: ReferenceError: $ is not defined
JavaScript error: https://www.magazineluiza.com.br/ line 549 > injectedScript, line 1: ReferenceError: $ is not defined
JavaScript error: https://www.magazineluiza.com.br/ line 549 > injectedScript, line 1: ReferenceError: $ is not defined
JavaScript error: https://www.magazineluiza.com.br/ line 549 > injectedScript, line 1: ReferenceError: jQuery is not defined
JavaScript error: https://www.magazineluiza.com.br/ line 549 > injectedScript, line 1: ReferenceError: jQuery is not defined
JavaScript error: https://www.magazineluiza.com.br/ line 549 > injectedScript, line 7: ReferenceError: $ is not defined
JavaScript error: https://www.magazineluiza.com.br/ line 549 > injectedScript, line 1: ReferenceError: $ is not defined
JavaScript error: https://www.magazineluiza.com.br/ line 549 > injectedScript, line 1: ReferenceError: $ is not defined
JavaScript error: https://www.googletagmanager.com/gtm.js?id=GTM-BR2N, line 43: uncaught exception: [object Object]
JavaScript error: https://www.magazineluiza.com.br/ line 549 > injectedScript, line 1: ReferenceError: getCookie is not defined
JavaScript error: https://www.googletagmanager.com/gtm.js?id=GTM-BR2N, line 43: uncaught exception: [object Object]
JavaScript error: https://www.magazineluiza.com.br/ line 549 > injectedScript, line 2: ReferenceError: jQuery is not defined
JavaScript error: https://www.googletagmanager.com/gtm.js?id=GTM-BR2N, line 43: uncaught exception: [object Object]
JavaScript error: https://www.magazineluiza.com.br/ line 549 > injectedScript, line 1: ReferenceError: $ is not defined
1679187723744	Marionette	WARN	Ignoring event 'pageshow' because document has an invalid readyState of 'uninitialized'.
console.error: ({})
console.error: ({})
1679187838260	Marionette	INFO	Stopped listening on port 57824
Dynamically enable window occlusion 1
1679187974720	geckodriver	INFO	Listening on 127.0.0.1:60076
1679187976754	mozrunner::runner	INFO	Running command: "C:\\Program Files\\Mozilla Firefox\\firefox.exe" "--marionette" "--remote-debugging-port" "60077" "--remote-allow-hosts" "localhost" "-no-remote" "-profile" "C:\\Users\\Ricardo\\AppData\\Local\\Temp\\rust_mozprofileqYrTQF"
console.warn: services.settings: Ignoring preference override of remote settings server
console.warn: services.settings: Allow by setting MOZ_REMOTE_SETTINGS_DEVTOOLS=1 in the environment
1679187977244	Marionette	INFO	Marionette enabled
Dynamically enable window occlusion 0
1679187977255	Marionette	INFO	Listening on port 60084
Read port: 60084
WebDriver BiDi listening on ws://127.0.0.1:60077
1679187977492	RemoteAgent	WARN	TLS certificate errors will be ignored for this session
console.warn: SearchSettings: "get: No settings file exists, new profile?" (new NotFoundError("Could not open the file at C:\\Users\\Ricardo\\AppData\\Local\\Temp\\rust_mozprofileqYrTQF\\search.json.mozlz4", (void 0)))
DevTools listening on ws://127.0.0.1:60077/devtools/browser/d6d9f387-29bd-4269-b22e-658d8f3338cb
console.error: (new TypeError("this._searchProviderInfo is null", "resource:///modules/SearchSERPTelemetry.sys.mjs", 468))
JavaScript error: https://www.magazineluiza.com.br/ line 549 > injectedScript, line 1: ReferenceError: $ is not defined
JavaScript error: https://www.magazineluiza.com.br/ line 549 > injectedScript, line 1: ReferenceError: $ is not defined
JavaScript error: https://www.magazineluiza.com.br/ line 549 > injectedScript, line 1: ReferenceError: $ is not defined
JavaScript error: https://www.magazineluiza.com.br/ line 549 > injectedScript, line 1: ReferenceError: jQuery is not defined
JavaScript error: https://www.magazineluiza.com.br/ line 549 > injectedScript, line 1: ReferenceError: jQuery is not defined
JavaScript error: https://www.magazineluiza.com.br/ line 549 > injectedScript, line 7: ReferenceError: $ is not defined
JavaScript error: https://www.magazineluiza.com.br/ line 549 > injectedScript, line 1: ReferenceError: $ is not defined
JavaScript error: https://www.magazineluiza.com.br/ line 549 > injectedScript, line 1: ReferenceError: $ is not defined
JavaScript error: https://www.googletagmanager.com/gtm.js?id=GTM-BR2N, line 43: uncaught exception: [object Object]
JavaScript error: https://www.magazineluiza.com.br/ line 549 > injectedScript, line 1: ReferenceError: getCookie is not defined
JavaScript error: https://www.googletagmanager.com/gtm.js?id=GTM-BR2N, line 43: uncaught exception: [object Object]
JavaScript error: https://www.magazineluiza.com.br/ line 549 > injectedScript, line 2: ReferenceError: jQuery is not defined
JavaScript error: https://www.googletagmanager.com/gtm.js?id=GTM-BR2N, line 43: uncaught exception: [object Object]
JavaScript error: https://www.magazineluiza.com.br/ line 549 > injectedScript, line 1: ReferenceError: $ is not defined
1679188095286	Marionette	INFO	Stopped listening on port 60084
Dynamically enable window occlusion 1
1679188162851	geckodriver	INFO	Listening on 127.0.0.1:55968
1679188164878	mozrunner::runner	INFO	Running command: "C:\\Program Files\\Mozilla Firefox\\firefox.exe" "--marionette" "--remote-debugging-port" "55969" "--remote-allow-hosts" "localhost" "-no-remote" "-profile" "C:\\Users\\Ricardo\\AppData\\Local\\Temp\\rust_mozprofileV5pjlB"
console.warn: services.settings: Ignoring preference override of remote settings server
console.warn: services.settings: Allow by setting MOZ_REMOTE_SETTINGS_DEVTOOLS=1 in the environment
1679188165344	Marionette	INFO	Marionette enabled
Dynamically enable window occlusion 0
1679188165351	Marionette	INFO	Listening on port 55976
Read port: 55976
WebDriver BiDi listening on ws://127.0.0.1:55969
1679188165586	RemoteAgent	WARN	TLS certificate errors will be ignored for this session
console.warn: SearchSettings: "get: No settings file exists, new profile?" (new NotFoundError("Could not open the file at C:\\Users\\Ricardo\\AppData\\Local\\Temp\\rust_mozprofileV5pjlB\\search.json.mozlz4", (void 0)))
console.error: Region.sys.mjs: "Error fetching region" (new AbortError("The operation was aborted. ", (void 0), 762))
console.error: Region.sys.mjs: "Failed to fetch region" (new Error("NO_RESULT", "resource://gre/modules/Region.sys.mjs", 416))
DevTools listening on ws://127.0.0.1:55969/devtools/browser/0b9ca489-ef44-434e-8674-81a2ad6dd6ec
console.error: (new TypeError("this._searchProviderInfo is null", "resource:///modules/SearchSERPTelemetry.sys.mjs", 468))
console.error: (new TypeError("linkMap is undefined", "resource://gre/modules/NewTabUtils.sys.mjs", 2019))
JavaScript error: https://www.magazineluiza.com.br/ line 549 > injectedScript, line 1: ReferenceError: $ is not defined
JavaScript error: https://www.magazineluiza.com.br/ line 549 > injectedScript, line 1: ReferenceError: $ is not defined
JavaScript error: https://www.magazineluiza.com.br/ line 549 > injectedScript, line 1: ReferenceError: $ is not defined
JavaScript error: https://www.magazineluiza.com.br/ line 549 > injectedScript, line 1: ReferenceError: jQuery is not defined
JavaScript error: https://www.magazineluiza.com.br/ line 549 > injectedScript, line 1: ReferenceError: jQuery is not defined
JavaScript error: https://www.magazineluiza.com.br/ line 549 > injectedScript, line 7: ReferenceError: $ is not defined
JavaScript error: https://www.magazineluiza.com.br/ line 549 > injectedScript, line 1: ReferenceError: $ is not defined
JavaScript error: https://www.magazineluiza.com.br/ line 549 > injectedScript, line 1: ReferenceError: $ is not defined
JavaScript error: https://www.googletagmanager.com/gtm.js?id=GTM-BR2N, line 43: uncaught exception: [object Object]
JavaScript error: https://www.magazineluiza.com.br/ line 549 > injectedScript, line 1: ReferenceError: getCookie is not defined
JavaScript error: https://www.googletagmanager.com/gtm.js?id=GTM-BR2N, line 43: uncaught exception: [object Object]
JavaScript error: https://www.magazineluiza.com.br/ line 549 > injectedScript, line 2: ReferenceError: jQuery is not defined
JavaScript error: https://www.magazineluiza.com.br/ line 549 > injectedScript, line 1: ReferenceError: $ is not defined
JavaScript error: , line 0: TypeError: NetworkError when attempting to fetch resource.
JavaScript error: , line 0: TypeError: NetworkError when attempting to fetch resource.
JavaScript error: https://www.magazineluiza.com.br/busca/2/ line 549 > injectedScript, line 1: ReferenceError: $ is not defined
JavaScript error: https://www.magazineluiza.com.br/busca/2/ line 549 > injectedScript, line 1: ReferenceError: $ is not defined
JavaScript error: https://www.magazineluiza.com.br/busca/2/ line 549 > injectedScript, line 1: ReferenceError: $ is not defined
JavaScript error: https://www.magazineluiza.com.br/busca/2/ line 549 > injectedScript, line 1: ReferenceError: jQuery is not defined
JavaScript error: https://www.magazineluiza.com.br/busca/2/ line 549 > injectedScript, line 1: ReferenceError: jQuery is not defined
JavaScript error: https://www.magazineluiza.com.br/busca/2/ line 549 > injectedScript, line 7: ReferenceError: $ is not defined
JavaScript error: https://www.magazineluiza.com.br/busca/2/ line 549 > injectedScript, line 1: ReferenceError: $ is not defined
JavaScript error: https://www.magazineluiza.com.br/busca/2/ line 549 > injectedScript, line 1: ReferenceError: $ is not defined
JavaScript error: https://www.googletagmanager.com/gtm.js?id=GTM-BR2N, line 43: uncaught exception: [object Object]
JavaScript error: https://www.magazineluiza.com.br/busca/2/ line 549 > injectedScript, line 1: ReferenceError: getCookie is not defined
JavaScript error: https://www.googletagmanager.com/gtm.js?id=GTM-BR2N, line 43: uncaught exception: [object Object]
JavaScript error: https://www.magazineluiza.com.br/busca/2/ line 549 > injectedScript, line 1: ReferenceError: $ is not defined
JavaScript error: https://www.magazineluiza.com.br/busca/2/ line 549 > injectedScript, line 2: ReferenceError: jQuery is not defined
JavaScript error: https://www.magazineluiza.com.br/busca/9/ line 549 > injectedScript, line 1: ReferenceError: $ is not defined
JavaScript error: https://www.magazineluiza.com.br/busca/9/ line 549 > injectedScript, line 1: ReferenceError: $ is not defined
JavaScript error: https://www.magazineluiza.com.br/busca/9/ line 549 > injectedScript, line 1: ReferenceError: $ is not defined
JavaScript error: https://www.magazineluiza.com.br/busca/9/ line 549 > injectedScript, line 1: ReferenceError: jQuery is not defined
JavaScript error: https://www.magazineluiza.com.br/busca/9/ line 549 > injectedScript, line 1: ReferenceError: jQuery is not defined
JavaScript error: https://www.magazineluiza.com.br/busca/9/ line 549 > injectedScript, line 7: ReferenceError: $ is not defined
JavaScript error: https://www.magazineluiza.com.br/busca/9/ line 549 > injectedScript, line 1: ReferenceError: $ is not defined
JavaScript error: https://www.magazineluiza.com.br/busca/9/ line 549 > injectedScript, line 1: ReferenceError: $ is not defined
JavaScript error: https://www.googletagmanager.com/gtm.js?id=GTM-BR2N, line 43: uncaught exception: [object Object]
JavaScript error: https://www.magazineluiza.com.br/busca/9/ line 549 > injectedScript, line 1: ReferenceError: getCookie is not defined
JavaScript error: https://www.googletagmanager.com/gtm.js?id=GTM-BR2N, line 43: uncaught exception: [object Object]
JavaScript error: https://www.magazineluiza.com.br/busca/9/ line 549 > injectedScript, line 1: ReferenceError: $ is not defined
JavaScript error: https://www.magazineluiza.com.br/busca/9/ line 549 > injectedScript, line 2: ReferenceError: jQuery is not defined
1679188433040	geckodriver	INFO	Listening on 127.0.0.1:52999
1679188435086	mozrunner::runner	INFO	Running command: "C:\\Program Files\\Mozilla Firefox\\firefox.exe" "--marionette" "--remote-debugging-port" "53000" "--remote-allow-hosts" "localhost" "-no-remote" "-profile" "C:\\Users\\Ricardo\\AppData\\Local\\Temp\\rust_mozprofilekuXTZw"
console.warn: services.settings: Ignoring preference override of remote settings server
console.warn: services.settings: Allow by setting MOZ_REMOTE_SETTINGS_DEVTOOLS=1 in the environment
1679188435579	Marionette	INFO	Marionette enabled
Dynamically enable window occlusion 0
1679188435586	Marionette	INFO	Listening on port 53007
Read port: 53007
WebDriver BiDi listening on ws://127.0.0.1:53000
1679188435809	RemoteAgent	WARN	TLS certificate errors will be ignored for this session
console.warn: SearchSettings: "get: No settings file exists, new profile?" (new NotFoundError("Could not open the file at C:\\Users\\Ricardo\\AppData\\Local\\Temp\\rust_mozprofilekuXTZw\\search.json.mozlz4", (void 0)))
DevTools listening on ws://127.0.0.1:53000/devtools/browser/86c3e3a1-3135-46d1-8d68-7200554405a6
console.error: (new TypeError("this._searchProviderInfo is null", "resource:///modules/SearchSERPTelemetry.sys.mjs", 468))
console.error: (new TypeError("linkMap is undefined", "resource://gre/modules/NewTabUtils.sys.mjs", 2019))
JavaScript error: https://www.magazineluiza.com.br/ line 549 > injectedScript, line 1: ReferenceError: $ is not defined
JavaScript error: https://www.magazineluiza.com.br/ line 549 > injectedScript, line 1: ReferenceError: $ is not defined
JavaScript error: https://www.magazineluiza.com.br/ line 549 > injectedScript, line 1: ReferenceError: $ is not defined
JavaScript error: https://www.magazineluiza.com.br/ line 549 > injectedScript, line 1: ReferenceError: jQuery is not defined
JavaScript error: https://www.magazineluiza.com.br/ line 549 > injectedScript, line 1: ReferenceError: jQuery is not defined
JavaScript error: https://www.magazineluiza.com.br/ line 549 > injectedScript, line 7: ReferenceError: $ is not defined
JavaScript error: https://www.magazineluiza.com.br/ line 549 > injectedScript, line 1: ReferenceError: $ is not defined
JavaScript error: https://www.magazineluiza.com.br/ line 549 > injectedScript, line 1: ReferenceError: $ is not defined
JavaScript error: https://www.googletagmanager.com/gtm.js?id=GTM-BR2N, line 43: uncaught exception: [object Object]
JavaScript error: https://www.magazineluiza.com.br/ line 549 > injectedScript, line 1: ReferenceError: getCookie is not defined
JavaScript error: https://www.googletagmanager.com/gtm.js?id=GTM-BR2N, line 43: uncaught exception: [object Object]
JavaScript error: https://www.magazineluiza.com.br/ line 549 > injectedScript, line 2: ReferenceError: jQuery is not defined
JavaScript error: https://www.googletagmanager.com/gtm.js?id=GTM-BR2N, line 43: uncaught exception: [object Object]
JavaScript error: https://www.magazineluiza.com.br/ line 549 > injectedScript, line 1: ReferenceError: $ is not defined
1679188503074	Marionette	INFO	Stopped listening on port 53007
Dynamically enable window occlusion 1
1679188612180	geckodriver	INFO	Listening on 127.0.0.1:64024
1679188614209	mozrunner::runner	INFO	Running command: "C:\\Program Files\\Mozilla Firefox\\firefox.exe" "--marionette" "--remote-debugging-port" "64025" "--remote-allow-hosts" "localhost" "-no-remote" "-profile" "C:\\Users\\Ricardo\\AppData\\Local\\Temp\\rust_mozprofileW3VpVw"
console.warn: services.settings: Ignoring preference override of remote settings server
console.warn: services.settings: Allow by setting MOZ_REMOTE_SETTINGS_DEVTOOLS=1 in the environment
1679188614706	Marionette	INFO	Marionette enabled
Dynamically enable window occlusion 0
1679188614716	Marionette	INFO	Listening on port 64032
WebDriver BiDi listening on ws://127.0.0.1:64025
Read port: 64032
Read port: 64032
1679188618633	RemoteAgent	WARN	TLS certificate errors will be ignored for this session
console.warn: SearchSettings: "get: No settings file exists, new profile?" (new NotFoundError("Could not open the file at C:\\Users\\Ricardo\\AppData\\Local\\Temp\\rust_mozprofileW3VpVw\\search.json.mozlz4", (void 0)))
console.error: Region.sys.mjs: "Error fetching region" (new AbortError("The operation was aborted. ", (void 0), 762))
console.error: Region.sys.mjs: "Failed to fetch region" (new Error("NO_RESULT", "resource://gre/modules/Region.sys.mjs", 416))
DevTools listening on ws://127.0.0.1:64025/devtools/browser/d9fa127c-aa86-416a-b04b-04ffa73f7242
console.error: (new TypeError("this._searchProviderInfo is null", "resource:///modules/SearchSERPTelemetry.sys.mjs", 468))
JavaScript error: https://www.magazineluiza.com.br/ line 549 > injectedScript, line 1: ReferenceError: $ is not defined
JavaScript error: https://www.magazineluiza.com.br/ line 549 > injectedScript, line 1: ReferenceError: $ is not defined
JavaScript error: https://www.magazineluiza.com.br/ line 549 > injectedScript, line 1: ReferenceError: $ is not defined
JavaScript error: https://www.magazineluiza.com.br/ line 549 > injectedScript, line 1: ReferenceError: jQuery is not defined
JavaScript error: https://www.magazineluiza.com.br/ line 549 > injectedScript, line 1: ReferenceError: jQuery is not defined
JavaScript error: https://www.magazineluiza.com.br/ line 549 > injectedScript, line 7: ReferenceError: $ is not defined
JavaScript error: https://www.magazineluiza.com.br/ line 549 > injectedScript, line 1: ReferenceError: $ is not defined
JavaScript error: https://www.magazineluiza.com.br/ line 549 > injectedScript, line 1: ReferenceError: $ is not defined
JavaScript error: https://www.googletagmanager.com/gtm.js?id=GTM-BR2N, line 43: uncaught exception: [object Object]
JavaScript error: https://www.magazineluiza.com.br/ line 549 > injectedScript, line 1: ReferenceError: getCookie is not defined
JavaScript error: https://www.googletagmanager.com/gtm.js?id=GTM-BR2N, line 43: uncaught exception: [object Object]
JavaScript error: https://www.magazineluiza.com.br/ line 549 > injectedScript, line 2: ReferenceError: jQuery is not defined
JavaScript error: https://www.googletagmanager.com/gtm.js?id=GTM-BR2N, line 43: uncaught exception: [object Object]
JavaScript error: https://www.magazineluiza.com.br/ line 549 > injectedScript, line 1: ReferenceError: $ is not defined
1679188675677	Marionette	INFO	Stopped listening on port 64032
Dynamically enable window occlusion 1
1679188795837	geckodriver	INFO	Listening on 127.0.0.1:51886
1679188797870	mozrunner::runner	INFO	Running command: "C:\\Program Files\\Mozilla Firefox\\firefox.exe" "--marionette" "--remote-debugging-port" "51887" "--remote-allow-hosts" "localhost" "-no-remote" "-profile" "C:\\Users\\Ricardo\\AppData\\Local\\Temp\\rust_mozprofilez3mYsj"
console.warn: services.settings: Ignoring preference override of remote settings server
console.warn: services.settings: Allow by setting MOZ_REMOTE_SETTINGS_DEVTOOLS=1 in the environment
1679188798500	Marionette	INFO	Marionette enabled
Dynamically enable window occlusion 0
1679188798510	Marionette	INFO	Listening on port 51894
Read port: 51894
WebDriver BiDi listening on ws://127.0.0.1:51887
1679188798740	RemoteAgent	WARN	TLS certificate errors will be ignored for this session
console.warn: SearchSettings: "get: No settings file exists, new profile?" (new NotFoundError("Could not open the file at C:\\Users\\Ricardo\\AppData\\Local\\Temp\\rust_mozprofilez3mYsj\\search.json.mozlz4", (void 0)))
DevTools listening on ws://127.0.0.1:51887/devtools/browser/06607074-acf7-4622-b6ef-dc9d781035ed
console.error: (new TypeError("this._searchProviderInfo is null", "resource:///modules/SearchSERPTelemetry.sys.mjs", 468))
JavaScript error: https://www.magazineluiza.com.br/ line 549 > injectedScript, line 1: ReferenceError: $ is not defined
JavaScript error: https://www.magazineluiza.com.br/ line 549 > injectedScript, line 1: ReferenceError: $ is not defined
JavaScript error: https://www.magazineluiza.com.br/ line 549 > injectedScript, line 1: ReferenceError: $ is not defined
JavaScript error: https://www.magazineluiza.com.br/ line 549 > injectedScript, line 1: ReferenceError: jQuery is not defined
JavaScript error: https://www.magazineluiza.com.br/ line 549 > injectedScript, line 1: ReferenceError: jQuery is not defined
JavaScript error: https://www.magazineluiza.com.br/ line 549 > injectedScript, line 7: ReferenceError: $ is not defined
JavaScript error: https://www.magazineluiza.com.br/ line 549 > injectedScript, line 1: ReferenceError: $ is not defined
JavaScript error: https://www.magazineluiza.com.br/ line 549 > injectedScript, line 1: ReferenceError: $ is not defined
JavaScript error: https://www.googletagmanager.com/gtm.js?id=GTM-BR2N, line 43: uncaught exception: [object Object]
JavaScript error: https://www.magazineluiza.com.br/ line 549 > injectedScript, line 1: ReferenceError: getCookie is not defined
JavaScript error: https://www.googletagmanager.com/gtm.js?id=GTM-BR2N, line 43: uncaught exception: [object Object]
JavaScript error: https://www.magazineluiza.com.br/ line 549 > injectedScript, line 2: ReferenceError: jQuery is not defined
JavaScript error: https://www.googletagmanager.com/gtm.js?id=GTM-BR2N, line 43: uncaught exception: [object Object]
JavaScript error: https://www.magazineluiza.com.br/ line 549 > injectedScript, line 1: ReferenceError: $ is not defined
console.warn: LoginRecipes: "Falling back to a synchronous message for: https://www.magazineluiza.com.br."
JavaScript error: https://www.magazineluiza.com.br/? line 549 > injectedScript, line 1: ReferenceError: $ is not defined
JavaScript error: https://www.magazineluiza.com.br/? line 549 > injectedScript, line 1: ReferenceError: $ is not defined
JavaScript error: https://www.magazineluiza.com.br/? line 549 > injectedScript, line 1: ReferenceError: $ is not defined
JavaScript error: https://www.magazineluiza.com.br/? line 549 > injectedScript, line 1: ReferenceError: jQuery is not defined
JavaScript error: https://www.magazineluiza.com.br/? line 549 > injectedScript, line 1: ReferenceError: jQuery is not defined
JavaScript error: https://www.magazineluiza.com.br/? line 549 > injectedScript, line 7: ReferenceError: $ is not defined
JavaScript error: https://www.magazineluiza.com.br/? line 549 > injectedScript, line 1: ReferenceError: $ is not defined
JavaScript error: https://www.magazineluiza.com.br/? line 549 > injectedScript, line 1: ReferenceError: $ is not defined
JavaScript error: https://www.magazineluiza.com.br/? line 549 > injectedScript, line 1: ReferenceError: getCookie is not defined
JavaScript error: https://www.magazineluiza.com.br/? line 549 > injectedScript, line 1: ReferenceError: $ is not defined
JavaScript error: https://www.magazineluiza.com.br/? line 549 > injectedScript, line 2: ReferenceError: jQuery is not defined
JavaScript error: , line 0: TypeError: NetworkError when attempting to fetch resource.
JavaScript error: , line 0: TypeError: NetworkError when attempting to fetch resource.
JavaScript error: https://www.magazineluiza.com.br/busca/3/ line 549 > injectedScript, line 1: ReferenceError: $ is not defined
JavaScript error: https://www.magazineluiza.com.br/busca/3/ line 549 > injectedScript, line 1: ReferenceError: $ is not defined
JavaScript error: https://www.magazineluiza.com.br/busca/3/ line 549 > injectedScript, line 1: ReferenceError: $ is not defined
JavaScript error: https://www.magazineluiza.com.br/busca/3/ line 549 > injectedScript, line 1: ReferenceError: jQuery is not defined
JavaScript error: https://www.magazineluiza.com.br/busca/3/ line 549 > injectedScript, line 1: ReferenceError: jQuery is not defined
JavaScript error: https://www.magazineluiza.com.br/busca/3/ line 549 > injectedScript, line 7: ReferenceError: $ is not defined
JavaScript error: https://www.magazineluiza.com.br/busca/3/ line 549 > injectedScript, line 1: ReferenceError: $ is not defined
JavaScript error: https://www.magazineluiza.com.br/busca/3/ line 549 > injectedScript, line 1: ReferenceError: $ is not defined
JavaScript error: https://www.googletagmanager.com/gtm.js?id=GTM-BR2N, line 43: uncaught exception: [object Object]
JavaScript error: https://www.magazineluiza.com.br/busca/3/ line 549 > injectedScript, line 1: ReferenceError: getCookie is not defined
JavaScript error: https://www.googletagmanager.com/gtm.js?id=GTM-BR2N, line 43: uncaught exception: [object Object]
JavaScript error: https://www.magazineluiza.com.br/busca/3/ line 549 > injectedScript, line 1: ReferenceError: $ is not defined
JavaScript error: https://www.magazineluiza.com.br/busca/3/ line 549 > injectedScript, line 2: ReferenceError: jQuery is not defined
1679188886639	Marionette	INFO	Stopped listening on port 51894
Dynamically enable window occlusion 1
[Parent 14772, IPC I/O Parent] WARNING: DuplicateHandle failed for handle 0 in TransferHandles: file /builds/worker/checkouts/gecko/ipc/chromium/src/chrome/common/ipc_channel_win.cc:777
